<?xml version="1.0" encoding="UTF-8"?>
<!-- Generated by org.testng.reporters.JUnitXMLReporter -->
<testsuite ignored="0" hostname="DESKTOP-E13VVH5" failures="2" tests="2" name="testng test" time="4.396" errors="0" timestamp="2024-03-07T22:46:40 IST">
  <testcase classname="io.cucumber.testng.AbstractTestNGCucumberTests" name="runScenario" time="3.827">
    <failure type="java.lang.NullPointerException">
      <![CDATA[java.lang.NullPointerException
at StepDefination.loginDef.open_url(loginDef.java:23)
at ✽.open url(file:///C:/RestAssured/workspace/CucumberTestng/src/test/java/Features/facebook.feature:6)
]]>
    </failure>
  </testcase> <!-- runScenario -->
  <testcase classname="io.cucumber.testng.AbstractTestNGCucumberTests" name="runScenario" time="3.827">
    <failure type="java.lang.NullPointerException">
      <![CDATA[java.lang.NullPointerException
at StepDefination.loginDef.open_url(loginDef.java:23)
at ✽.open url(file:///C:/RestAssured/workspace/CucumberTestng/src/test/java/Features/login.feature:7)
]]>
    </failure>
  </testcase> <!-- runScenario -->
</testsuite> <!-- testng test -->
