<?xml version="1.0" encoding="UTF-8"?>
<testsuite xmlns:xsi="http://www.w3.org/2001/XMLSchema-instance" xsi:noNamespaceSchemaLocation="https://maven.apache.org/surefire/maven-surefire-plugin/xsd/surefire-test-report-3.0.xsd" version="3.0" name="StepDefination.TestRunner" time="25.018" tests="3" errors="0" skipped="0" failures="1">
  <properties>
[...]
</properties>
  <testcase name="runScenario[&quot;login verify&quot;, &quot;facebook login feature&quot;](1)" classname="StepDefination.TestRunner" time="17.812">
    <system-out><![CDATA[
@functional
Scenario: facebook verify with wrong assert # src/test/java/Features/facebook.feature:12

@functional
Scenario: facebook verify          # src/test/java/Features/facebook.feature:5

@smoke
Scenario Outline: login verify                       # src/test/java/Features/login.feature:13
-------------------before hook-----------------
-------------------before hook-----------------
-------------------before hook-----------------
  Given open url                                     # StepDefination.loginDef.open_url()
  Given open url                   # StepDefination.loginDef.open_url()
  Given open url                            # StepDefination.loginDef.open_url()
[WARN ] 2024-02-28 12:24:01.182 [TestNG-PoolService-3] loginDef - -----warning log4j-----------
  When enter "ravindramugali@gmail.com" and password # StepDefination.loginDef.enter_username_and_passwordwith(java.lang.String)
[INFO ] 2024-02-28 12:24:02.071 [TestNG-PoolService-2] loginDef - ----------------log4j--------------------------------
  When enter username and password          # StepDefination.loginDef.enter_username_and_password()
[INFO ] 2024-02-28 12:24:02.116 [TestNG-PoolService-1] loginDef - ----------------log4j--------------------------------
  When enter username and password # StepDefination.loginDef.enter_username_and_password()
  Then verify page title                             # StepDefination.loginDef.verify_page_title()
-------------------After hook-----------------
]]></system-out>
    <system-err><![CDATA[SLF4J: Failed to load class "org.slf4j.impl.StaticLoggerBinder".
SLF4J: Defaulting to no-operation (NOP) logger implementation
SLF4J: See http://www.slf4j.org/codes.html#StaticLoggerBinder for further details.
Feb 28, 2024 12:23:51 PM org.openqa.selenium.devtools.CdpVersionFinder findNearestMatch
WARNING: Unable to find an exact match for CDP version 122, returning the closest version; found: 121; Please update to a Selenium version that supports CDP version 122
Feb 28, 2024 12:23:51 PM org.openqa.selenium.devtools.CdpVersionFinder findNearestMatch
WARNING: Unable to find an exact match for CDP version 122, returning the closest version; found: 121; Please update to a Selenium version that supports CDP version 122
Feb 28, 2024 12:23:51 PM org.openqa.selenium.devtools.CdpVersionFinder findNearestMatch
WARNING: Unable to find an exact match for CDP version 122, returning the closest version; found: 121; Please update to a Selenium version that supports CDP version 122
]]></system-err>
  </testcase>
  <testcase name="runScenario[&quot;facebook verify&quot;, &quot;facebook feature&quot;](2)" classname="StepDefination.TestRunner" time="18.703">
    <system-out><![CDATA[  Then verify page title                    # StepDefination.loginDef.verify_page_title()
  Then verify page title           # StepDefination.loginDef.verify_page_title()
  And verify title                          # StepDefination.loginDef.verify_title()
      java.lang.AssertionError: expected [true] but found [false]
	at org.testng.Assert.fail(Assert.java:111)
	at org.testng.Assert.failNotEquals(Assert.java:1578)
	at org.testng.Assert.assertTrue(Assert.java:57)
	at org.testng.Assert.assertTrue(Assert.java:67)
	at StepDefination.loginDef.verify_title(loginDef.java:55)
	at âœ½.verify title(file:///C:/RestAssured/workspace/CucumberTestng/src/test/java/Features/facebook.feature:16)

-------------------After hook-----------------
]]></system-out>
  </testcase>
  <testcase name="runScenario[&quot;facebook verify with wrong assert&quot;, &quot;facebook feature&quot;](3)" classname="StepDefination.TestRunner" time="19.327">
    <failure message="expected [true] but found [false]" type="java.lang.AssertionError"><![CDATA[java.lang.AssertionError: expected [true] but found [false]
	at org.testng.Assert.fail(Assert.java:111)
	at org.testng.Assert.failNotEquals(Assert.java:1578)
	at org.testng.Assert.assertTrue(Assert.java:57)
	at org.testng.Assert.assertTrue(Assert.java:67)
	at StepDefination.loginDef.verify_title(loginDef.java:55)
	at ✽.verify title(file:///C:/RestAssured/workspace/CucumberTestng/src/test/java/Features/facebook.feature:16)
]]></failure>
    <system-out><![CDATA[
    Embedding facebook_verify_with_wrong_assert [image/png 62998 bytes]

-------------------After hook-----------------
]]></system-out>
  </testcase>
</testsuite>