<?xml version="1.0" encoding="UTF-8"?>
<testng-results ignored="0" total="2" passed="0" failed="2" skipped="0">
  <reporter-output>
  </reporter-output>
  <suite started-at="2024-03-07T22:46:35 IST" name="cucumber project" finished-at="2024-03-07T22:46:40 IST" duration-ms="4396">
    <groups>
      <group name="cucumber">
        <method signature="AbstractTestNGCucumberTests.runScenario(io.cucumber.testng.PickleWrapper,io.cucumber.testng.FeatureWrapper)[pri:0, instance:StepDefination.TestRunner@2b40ff9c]" name="runScenario" class="io.cucumber.testng.AbstractTestNGCucumberTests"/>
      </group> <!-- cucumber -->
    </groups>
    <test started-at="2024-03-07T22:46:35 IST" name="testng test" finished-at="2024-03-07T22:46:40 IST" duration-ms="4396">
      <class name="StepDefination.TestRunner">
        <test-method is-config="true" signature="setUpClass(org.testng.ITestContext)[pri:0, instance:StepDefination.TestRunner@2b40ff9c]" started-at="2024-03-07T22:46:35 IST" name="setUpClass" finished-at="2024-03-07T22:46:36 IST" duration-ms="481" status="PASS">
          <params>
            <param index="0">
              <value>
                <![CDATA[org.testng.TestRunner@7c3fdb62]]>
              </value>
            </param>
          </params>
          <reporter-output>
          </reporter-output>
        </test-method> <!-- setUpClass -->
        <test-method signature="runScenario(io.cucumber.testng.PickleWrapper,io.cucumber.testng.FeatureWrapper)[pri:0, instance:StepDefination.TestRunner@2b40ff9c]" started-at="2024-03-07T22:46:36 IST" name="runScenario" description="Runs Cucumber Scenarios" data-provider="scenarios" finished-at="2024-03-07T22:46:40 IST" duration-ms="3827" status="FAIL">
          <params>
            <param index="0">
              <value>
                <![CDATA["facebook verify"]]>
              </value>
            </param>
            <param index="1">
              <value>
                <![CDATA["facebook feature"]]>
              </value>
            </param>
          </params>
          <exception class="java.lang.NullPointerException">
            <full-stacktrace>
              <![CDATA[java.lang.NullPointerException
at StepDefination.loginDef.open_url(loginDef.java:23)
at ✽.open url(file:///C:/RestAssured/workspace/CucumberTestng/src/test/java/Features/facebook.feature:6)
]]>
            </full-stacktrace>
          </exception> <!-- java.lang.NullPointerException -->
          <reporter-output>
          </reporter-output>
        </test-method> <!-- runScenario -->
        <test-method signature="runScenario(io.cucumber.testng.PickleWrapper,io.cucumber.testng.FeatureWrapper)[pri:0, instance:StepDefination.TestRunner@2b40ff9c]" started-at="2024-03-07T22:46:36 IST" name="runScenario" description="Runs Cucumber Scenarios" data-provider="scenarios" finished-at="2024-03-07T22:46:40 IST" duration-ms="3827" status="FAIL">
          <params>
            <param index="0">
              <value>
                <![CDATA["login verify"]]>
              </value>
            </param>
            <param index="1">
              <value>
                <![CDATA["login feature"]]>
              </value>
            </param>
          </params>
          <exception class="java.lang.NullPointerException">
            <full-stacktrace>
              <![CDATA[java.lang.NullPointerException
at StepDefination.loginDef.open_url(loginDef.java:23)
at ✽.open url(file:///C:/RestAssured/workspace/CucumberTestng/src/test/java/Features/login.feature:7)
]]>
            </full-stacktrace>
          </exception> <!-- java.lang.NullPointerException -->
          <reporter-output>
          </reporter-output>
        </test-method> <!-- runScenario -->
        <test-method is-config="true" signature="tearDownClass()[pri:0, instance:StepDefination.TestRunner@2b40ff9c]" started-at="2024-03-07T22:46:40 IST" name="tearDownClass" finished-at="2024-03-07T22:46:40 IST" duration-ms="15" status="PASS">
          <reporter-output>
          </reporter-output>
        </test-method> <!-- tearDownClass -->
      </class> <!-- StepDefination.TestRunner -->
    </test> <!-- testng test -->
  </suite> <!-- cucumber project -->
</testng-results>
