<?xml version="1.0" encoding="UTF-8"?>
<testng-results ignored="0" total="3" passed="2" failed="1" skipped="0">
  <reporter-output>
  </reporter-output>
  <suite started-at="2024-02-29T16:23:34 IST" name="cucumber project" finished-at="2024-02-29T16:23:55 IST" duration-ms="21272">
    <groups>
      <group name="cucumber">
        <method signature="AbstractTestNGCucumberTests.runScenario(io.cucumber.testng.PickleWrapper,io.cucumber.testng.FeatureWrapper)[pri:0, instance:StepDefination.TestRunner@5e7cd6cc]" name="runScenario" class="io.cucumber.testng.AbstractTestNGCucumberTests"/>
      </group> <!-- cucumber -->
    </groups>
    <test started-at="2024-02-29T16:23:34 IST" name="testng test" finished-at="2024-02-29T16:23:55 IST" duration-ms="21272">
      <class name="StepDefination.TestRunner">
        <test-method is-config="true" signature="setUpClass(org.testng.ITestContext)[pri:0, instance:StepDefination.TestRunner@5e7cd6cc]" started-at="2024-02-29T16:23:34 IST" name="setUpClass" finished-at="2024-02-29T16:23:34 IST" duration-ms="655" status="PASS">
          <params>
            <param index="0">
              <value>
                <![CDATA[org.testng.TestRunner@518caac3]]>
              </value>
            </param>
          </params>
          <reporter-output>
          </reporter-output>
        </test-method> <!-- setUpClass -->
        <test-method signature="runScenario(io.cucumber.testng.PickleWrapper,io.cucumber.testng.FeatureWrapper)[pri:0, instance:StepDefination.TestRunner@5e7cd6cc]" started-at="2024-02-29T16:23:34 IST" name="runScenario" description="Runs Cucumber Scenarios" data-provider="scenarios" finished-at="2024-02-29T16:23:50 IST" duration-ms="16189" status="PASS">
          <params>
            <param index="0">
              <value>
                <![CDATA["facebook verify"]]>
              </value>
            </param>
            <param index="1">
              <value>
                <![CDATA["facebook feature"]]>
              </value>
            </param>
          </params>
          <reporter-output>
          </reporter-output>
        </test-method> <!-- runScenario -->
        <test-method signature="runScenario(io.cucumber.testng.PickleWrapper,io.cucumber.testng.FeatureWrapper)[pri:0, instance:StepDefination.TestRunner@5e7cd6cc]" started-at="2024-02-29T16:23:34 IST" name="runScenario" description="Runs Cucumber Scenarios" data-provider="scenarios" finished-at="2024-02-29T16:23:50 IST" duration-ms="16026" status="PASS">
          <params>
            <param index="0">
              <value>
                <![CDATA["login verify"]]>
              </value>
            </param>
            <param index="1">
              <value>
                <![CDATA["login feature"]]>
              </value>
            </param>
          </params>
          <reporter-output>
          </reporter-output>
        </test-method> <!-- runScenario -->
        <test-method signature="runScenario(io.cucumber.testng.PickleWrapper,io.cucumber.testng.FeatureWrapper)[pri:0, instance:StepDefination.TestRunner@5e7cd6cc]" started-at="2024-02-29T16:23:34 IST" name="runScenario" description="Runs Cucumber Scenarios" data-provider="scenarios" finished-at="2024-02-29T16:23:51 IST" duration-ms="16267" status="FAIL">
          <params>
            <param index="0">
              <value>
                <![CDATA["facebook verify with wrong assert"]]>
              </value>
            </param>
            <param index="1">
              <value>
                <![CDATA["facebook feature"]]>
              </value>
            </param>
          </params>
          <exception class="java.lang.AssertionError">
            <message>
              <![CDATA[expected [true] but found [false]]]>
            </message>
            <full-stacktrace>
              <![CDATA[java.lang.AssertionError: expected [true] but found [false]
at org.testng.Assert.fail(Assert.java:111)
at org.testng.Assert.failNotEquals(Assert.java:1578)
at org.testng.Assert.assertTrue(Assert.java:57)
at org.testng.Assert.assertTrue(Assert.java:67)
at StepDefination.loginDef.verify_title(loginDef.java:55)
at âœ½.verify title(file:///C:/RestAssured/workspace/CucumberTestng/src/test/java/Features/facebook.feature:16)
]]>
            </full-stacktrace>
          </exception> <!-- java.lang.AssertionError -->
          <reporter-output>
          </reporter-output>
        </test-method> <!-- runScenario -->
        <test-method is-config="true" signature="tearDownClass()[pri:0, instance:StepDefination.TestRunner@5e7cd6cc]" started-at="2024-02-29T16:23:51 IST" name="tearDownClass" finished-at="2024-02-29T16:23:55 IST" duration-ms="4256" status="PASS">
          <reporter-output>
          </reporter-output>
        </test-method> <!-- tearDownClass -->
      </class> <!-- StepDefination.TestRunner -->
    </test> <!-- testng test -->
  </suite> <!-- cucumber project -->
</testng-results>
